<?xml version="1.0" encoding="UTF-8"?>
<!-- Generated by org.testng.reporters.JUnitReportReporter -->
<testsuite hostname="MSI" failures="0" tests="2" name="framework.E2E.HomeTest" time="18.502" errors="0" timestamp="2021-09-30T20:36:04 IST" skipped="0">
  <testcase classname="framework.E2E.HomeTest" name="loginHome" time="9.832"/>
  <system-out/>
  <testcase classname="framework.E2E.HomeTest" name="loginHome" time="8.670"/>
  <system-out/>
</testsuite> <!-- framework.E2E.HomeTest -->
