<?xml version="1.0" encoding="UTF-8"?>
<!-- Generated by org.testng.reporters.JUnitReportReporter -->
<testsuite skipped="0" hostname="MSI" name="framework.E2E.HomeTest" tests="2" failures="0" timestamp="2021-09-30T20:44:19 IST" time="23.327" errors="0">
  <testcase name="loginHome" time="9.290" classname="framework.E2E.HomeTest"/>
  <system-out/>
  <testcase name="loginHome" time="14.037" classname="framework.E2E.HomeTest"/>
  <system-out/>
</testsuite> <!-- framework.E2E.HomeTest -->
